<?xml version="1.0" encoding="UTF-8"?>
<!-- Generated by org.testng.reporters.JUnitReportReporter -->
<testsuite hostname="Chandrakala" failures="0" tests="1" name="com.CK.ecomm.user.test.LoginTest_Opencart" time="13.033" errors="0" timestamp="2022-03-02T20:18:43 EST" skipped="0">
  <testcase classname="com.CK.ecomm.user.test.LoginTest_Opencart" name="test_Login" time="13.033"/>
  <system-out/>
</testsuite> <!-- com.CK.ecomm.user.test.LoginTest_Opencart -->
