<?xml version="1.0" encoding="UTF-8"?>
<!-- Generated by org.testng.reporters.JUnitReportReporter -->
<testsuite hostname="Chandrakala" failures="0" tests="1" name="com.CK.ecomm.user.test.RegistrationTest_Opencart" time="14.052" errors="0" timestamp="2022-03-02T20:14:14 EST" skipped="0">
  <testcase classname="com.CK.ecomm.user.test.RegistrationTest_Opencart" name="test_account_Registration" time="14.052"/>
  <system-out/>
</testsuite> <!-- com.CK.ecomm.user.test.RegistrationTest_Opencart -->
